research/AHibernateResearch/proguard/seeds.txt
com.tgb.lk.demo.MainActivity